<?xml version="1.0" encoding="utf-8"?><testsuites name="pytest tests"><testsuite name="pytest" errors="0" failures="0" skipped="0" tests="15" time="3.564" timestamp="2026-03-04T02:40:23.013850+00:00" hostname="agent-env-7945b3ac-18f6-41f3-9b6c-3442c85d0c00"><testcase classname="tests.test_transactions.TestAuthAndSetup" name="test_health_check" time="0.138" /><testcase classname="tests.test_transactions.TestAuthAndSetup" name="test_dealer_login" time="0.370" /><testcase classname="tests.test_transactions.TestTransactionAPI" name="test_add_quantity_transaction" time="0.650" /><testcase classname="tests.test_transactions.TestTransactionAPI" name="test_subtract_quantity_transaction_positive_result" time="0.216" /><testcase classname="tests.test_transactions.TestTransactionAPI" name="test_subtract_quantity_transaction_negative_result" time="0.998" /><testcase classname="tests.test_transactions.TestIntegerValidation" name="test_reject_decimal_quantity" time="0.088" /><testcase classname="tests.test_transactions.TestIntegerValidation" name="test_reject_negative_quantity_value" time="0.082" /><testcase classname="tests.test_transactions.TestIntegerValidation" name="test_reject_zero_quantity" time="0.090" /><testcase classname="tests.test_transactions.TestIntegerValidation" name="test_reject_string_quantity" time="0.096" /><testcase classname="tests.test_transactions.TestIntegerValidation" name="test_reject_invalid_transaction_type" time="0.102" /><testcase classname="tests.test_transactions.TestTransactionHistory" name="test_get_transaction_history" time="0.101" /><testcase classname="tests.test_transactions.TestTransactionHistory" name="test_transaction_history_ordering" time="0.099" /><testcase classname="tests.test_transactions.TestEdgeCases" name="test_transaction_nonexistent_product" time="0.096" /><testcase classname="tests.test_transactions.TestEdgeCases" name="test_unauthorized_access" time="0.090" /><testcase classname="tests.test_transactions.TestEdgeCases" name="test_missing_required_fields" time="0.183" /></testsuite></testsuites>